Replace Part C1 C0603 in C:\Dev\Altium\ADC_ESP32\ADC_ESP32\Main sheet.SchDoc with C0603 from Schlib1.SchLib
Replace Part C2 C0603 in C:\Dev\Altium\ADC_ESP32\ADC_ESP32\Main sheet.SchDoc with C0603 from Schlib1.SchLib
Replace Part C3 C0603 in C:\Dev\Altium\ADC_ESP32\ADC_ESP32\Main sheet.SchDoc with C0603 from Schlib1.SchLib
Replace Part C4 C0603 in C:\Dev\Altium\ADC_ESP32\ADC_ESP32\Main sheet.SchDoc with C0603 from Schlib1.SchLib
Replace Part C5 C0603 in C:\Dev\Altium\ADC_ESP32\ADC_ESP32\Main sheet.SchDoc with C0603 from Schlib1.SchLib
Replace Part C6 C0603 in C:\Dev\Altium\ADC_ESP32\ADC_ESP32\Main sheet.SchDoc with C0603 from Schlib1.SchLib
Replace Part C7 C0603 in C:\Dev\Altium\ADC_ESP32\ADC_ESP32\Main sheet.SchDoc with C0603 from Schlib1.SchLib
Replace Part C8 C0603 in C:\Dev\Altium\ADC_ESP32\ADC_ESP32\Main sheet.SchDoc with C0603 from Schlib1.SchLib
Replace Part C9 C0603 in C:\Dev\Altium\ADC_ESP32\ADC_ESP32\Main sheet.SchDoc with C0603 from Schlib1.SchLib
Replace Part C10 C0603 in C:\Dev\Altium\ADC_ESP32\ADC_ESP32\Main sheet.SchDoc with C0603 from Schlib1.SchLib
Replace Part C11 C0603 in C:\Dev\Altium\ADC_ESP32\ADC_ESP32\Main sheet.SchDoc with C0603 from Schlib1.SchLib
Replace Part C12 C0603 in C:\Dev\Altium\ADC_ESP32\ADC_ESP32\Main sheet.SchDoc with C0603 from Schlib1.SchLib
Replace Part C13 C0603 in C:\Dev\Altium\ADC_ESP32\ADC_ESP32\Main sheet.SchDoc with C0603 from Schlib1.SchLib
Replace Part C14 C0603 in C:\Dev\Altium\ADC_ESP32\ADC_ESP32\Main sheet.SchDoc with C0603 from Schlib1.SchLib
Replace Part C15 C0603 in C:\Dev\Altium\ADC_ESP32\ADC_ESP32\Main sheet.SchDoc with C0603 from Schlib1.SchLib
Update Managed Component C? From CMP-00267-00203106-1[10uF] To CMP-00267-00203106-1[UWX1C100MCL2GB] in Main sheet.SchDoc
Replace Part J1 kontakt 5p 5.08 in C:\Dev\Altium\ADC_ESP32\ADC_ESP32\Main sheet.SchDoc with kontakt 5p 5.08 from Schlib1.SchLib
Replace Part J2 kontakt 5p 5.08 in C:\Dev\Altium\ADC_ESP32\ADC_ESP32\Main sheet.SchDoc with kontakt 5p 5.08 from Schlib1.SchLib
Replace Part J3 kontakt 5p 5.08 in C:\Dev\Altium\ADC_ESP32\ADC_ESP32\Main sheet.SchDoc with kontakt 5p 5.08 from Schlib1.SchLib
Replace Part J6 kontakt 2p 5.08 in C:\Dev\Altium\ADC_ESP32\ADC_ESP32\Main sheet.SchDoc with kontakt 2p 5.08 from Schlib1.SchLib
Replace Part JUMP1 Solder jumper in C:\Dev\Altium\ADC_ESP32\ADC_ESP32\Main sheet.SchDoc with Solder jumper from Schlib1.SchLib
Replace Part JUMP2 Solder jumper in C:\Dev\Altium\ADC_ESP32\ADC_ESP32\Main sheet.SchDoc with Solder jumper from Schlib1.SchLib
Replace Part JUMP3 Solder jumper in C:\Dev\Altium\ADC_ESP32\ADC_ESP32\Main sheet.SchDoc with Solder jumper from Schlib1.SchLib
Replace Part R11 R0603 in C:\Dev\Altium\ADC_ESP32\ADC_ESP32\Main sheet.SchDoc with R0603 from Schlib1.SchLib
Replace Part R12 R0603 in C:\Dev\Altium\ADC_ESP32\ADC_ESP32\Main sheet.SchDoc with R0603 from Schlib1.SchLib
Replace Part R13 R0603 in C:\Dev\Altium\ADC_ESP32\ADC_ESP32\Main sheet.SchDoc with R0603 from Schlib1.SchLib
Replace Part R14 R0603 in C:\Dev\Altium\ADC_ESP32\ADC_ESP32\Main sheet.SchDoc with R0603 from Schlib1.SchLib
Replace Part R15 R0603 in C:\Dev\Altium\ADC_ESP32\ADC_ESP32\Main sheet.SchDoc with R0603 from Schlib1.SchLib
Replace Part R16 R0603 in C:\Dev\Altium\ADC_ESP32\ADC_ESP32\Main sheet.SchDoc with R0603 from Schlib1.SchLib
Replace Part R17 R0603 in C:\Dev\Altium\ADC_ESP32\ADC_ESP32\Main sheet.SchDoc with R0603 from Schlib1.SchLib
Replace Part R18 R0603 in C:\Dev\Altium\ADC_ESP32\ADC_ESP32\Main sheet.SchDoc with R0603 from Schlib1.SchLib
Replace Part R19 R0603 in C:\Dev\Altium\ADC_ESP32\ADC_ESP32\Main sheet.SchDoc with R0603 from Schlib1.SchLib
Replace Part R20 R0603 in C:\Dev\Altium\ADC_ESP32\ADC_ESP32\Main sheet.SchDoc with R0603 from Schlib1.SchLib
Replace Part R21 R0603 in C:\Dev\Altium\ADC_ESP32\ADC_ESP32\Main sheet.SchDoc with R0603 from Schlib1.SchLib
Replace Part R22 R0603 in C:\Dev\Altium\ADC_ESP32\ADC_ESP32\Main sheet.SchDoc with R0603 from Schlib1.SchLib
Replace Part U1 ESP32 olimex PINOUT in C:\Dev\Altium\ADC_ESP32\ADC_ESP32\Main sheet.SchDoc with ESP32 olimex PINOUT from Schlib1.SchLib
