Update Managed Component C1 From CMP-2100-03601-2[CC0603KRX7R9BB104] To CMP-2100-03601-2[CC0603KRX7R9BB104] in Main sheet.SchDoc
Update Managed Component C2 From CMP-13271-004224-1[CL10A106MA8NRNC] To CMP-13271-004224-1[CL10A106MA8NRNC] in Main sheet.SchDoc
Update Managed Component C3 From CMP-13271-004224-1[CL10A106MA8NRNC] To CMP-13271-004224-1[CL10A106MA8NRNC] in Main sheet.SchDoc
Update Managed Component C4 From CMP-13271-004224-1[CL10A106MA8NRNC] To CMP-13271-004224-1[CL10A106MA8NRNC] in Main sheet.SchDoc
Update Managed Component C5 From CMP-13271-004224-1[CL10A106MA8NRNC] To CMP-13271-004224-1[CL10A106MA8NRNC] in Main sheet.SchDoc
Update Managed Component C6 From CMP-2100-03601-2[CC0603KRX7R9BB104] To CMP-2100-03601-2[CC0603KRX7R9BB104] in Main sheet.SchDoc
Update Managed Component C7 From CMP-13271-004224-1[CL10A106MA8NRNC] To CMP-13271-004224-1[CL10A106MA8NRNC] in Main sheet.SchDoc
Update Managed Component C8 From CMP-13271-004224-1[CL10A106MA8NRNC] To CMP-13271-004224-1[CL10A106MA8NRNC] in Main sheet.SchDoc
Update Managed Component C9 From CMP-13271-004224-1[CL10A106MA8NRNC] To CMP-13271-004224-1[CL10A106MA8NRNC] in Main sheet.SchDoc
Update Managed Component C10 From CMP-13271-004224-1[CL10A106MA8NRNC] To CMP-13271-004224-1[CL10A106MA8NRNC] in Main sheet.SchDoc
Update Managed Component C11 From CMP-2100-03601-2[CC0603KRX7R9BB104] To CMP-2100-03601-2[CC0603KRX7R9BB104] in Main sheet.SchDoc
Update Managed Component C12 From CMP-13271-004224-1[CL10A106MA8NRNC] To CMP-13271-004224-1[CL10A106MA8NRNC] in Main sheet.SchDoc
Update Managed Component C13 From CMP-13271-004224-1[CL10A106MA8NRNC] To CMP-13271-004224-1[CL10A106MA8NRNC] in Main sheet.SchDoc
Update Managed Component C14 From CMP-13271-004224-1[CL10A106MA8NRNC] To CMP-13271-004224-1[CL10A106MA8NRNC] in Main sheet.SchDoc
Update Managed Component C15 From CMP-13271-004224-1[CL10A106MA8NRNC] To CMP-13271-004224-1[CL10A106MA8NRNC] in Main sheet.SchDoc
Replace Part J1 kontakt 5p 5.08 in C:\Dev\Altium\ADC_ESP32\ADC_ESP32\Main sheet.SchDoc with kontakt 5p 5.08 from Schlib1.SchLib
Replace Part J2 kontakt 5p 5.08 in C:\Dev\Altium\ADC_ESP32\ADC_ESP32\Main sheet.SchDoc with kontakt 5p 5.08 from Schlib1.SchLib
Replace Part J3 kontakt 5p 5.08 in C:\Dev\Altium\ADC_ESP32\ADC_ESP32\Main sheet.SchDoc with kontakt 5p 5.08 from Schlib1.SchLib
Replace Part J6 kontakt 2p 5.08 in C:\Dev\Altium\ADC_ESP32\ADC_ESP32\Main sheet.SchDoc with kontakt 2p 5.08 from Schlib1.SchLib
Replace Part JUMP1 Solder jumper in C:\Dev\Altium\ADC_ESP32\ADC_ESP32\Main sheet.SchDoc with Solder jumper from Schlib1.SchLib
Replace Part JUMP2 Solder jumper in C:\Dev\Altium\ADC_ESP32\ADC_ESP32\Main sheet.SchDoc with Solder jumper from Schlib1.SchLib
Replace Part JUMP3 Solder jumper in C:\Dev\Altium\ADC_ESP32\ADC_ESP32\Main sheet.SchDoc with Solder jumper from Schlib1.SchLib
Replace Part R11 R0603 in C:\Dev\Altium\ADC_ESP32\ADC_ESP32\Main sheet.SchDoc with R0603 from Schlib1.SchLib
Replace Part R12 R0603 in C:\Dev\Altium\ADC_ESP32\ADC_ESP32\Main sheet.SchDoc with R0603 from Schlib1.SchLib
Replace Part R13 R0603 in C:\Dev\Altium\ADC_ESP32\ADC_ESP32\Main sheet.SchDoc with R0603 from Schlib1.SchLib
Replace Part R14 R0603 in C:\Dev\Altium\ADC_ESP32\ADC_ESP32\Main sheet.SchDoc with R0603 from Schlib1.SchLib
Replace Part R15 R0603 in C:\Dev\Altium\ADC_ESP32\ADC_ESP32\Main sheet.SchDoc with R0603 from Schlib1.SchLib
Replace Part R16 R0603 in C:\Dev\Altium\ADC_ESP32\ADC_ESP32\Main sheet.SchDoc with R0603 from Schlib1.SchLib
Replace Part R17 R0603 in C:\Dev\Altium\ADC_ESP32\ADC_ESP32\Main sheet.SchDoc with R0603 from Schlib1.SchLib
Replace Part R18 R0603 in C:\Dev\Altium\ADC_ESP32\ADC_ESP32\Main sheet.SchDoc with R0603 from Schlib1.SchLib
Replace Part R19 R0603 in C:\Dev\Altium\ADC_ESP32\ADC_ESP32\Main sheet.SchDoc with R0603 from Schlib1.SchLib
Replace Part R20 R0603 in C:\Dev\Altium\ADC_ESP32\ADC_ESP32\Main sheet.SchDoc with R0603 from Schlib1.SchLib
Replace Part R21 R0603 in C:\Dev\Altium\ADC_ESP32\ADC_ESP32\Main sheet.SchDoc with R0603 from Schlib1.SchLib
Replace Part R22 R0603 in C:\Dev\Altium\ADC_ESP32\ADC_ESP32\Main sheet.SchDoc with R0603 from Schlib1.SchLib
Replace Part U1 ESP32 olimex PINOUT in C:\Dev\Altium\ADC_ESP32\ADC_ESP32\Main sheet.SchDoc with ESP32 olimex PINOUT from Schlib1.SchLib
