Change Component Description : Designator=R1 Old Description= New Description=???? 10KO ± 1.00% 0.1W ± 100ppm/? 0603
Change Component Description : Designator=R2 Old Description= New Description=???? 10KO ± 1.00% 0.1W ± 100ppm/? 0603
Change Component Description : Designator=R3 Old Description= New Description=???? 10KO ± 1.00% 0.1W ± 100ppm/? 0603
Change Component Description : Designator=R4 Old Description= New Description=???? 10KO ± 1.00% 0.1W ± 100ppm/? 0603
Change Component Description : Designator=R5 Old Description= New Description=???? 10KO ± 1.00% 0.1W ± 100ppm/? 0603
Change Component Description : Designator=R6 Old Description= New Description=???? 10KO ± 1.00% 0.1W ± 100ppm/? 0603
Change Component Description : Designator=R7 Old Description= New Description=???? 10KO ± 1.00% 0.1W ± 100ppm/? 0603
Change Component Description : Designator=R8 Old Description= New Description=???? 10KO ± 1.00% 0.1W ± 100ppm/? 0603
Change Component Description : Designator=R9 Old Description= New Description=???? 10KO ± 1.00% 0.1W ± 100ppm/? 0603
Change Component Description : Designator=R10 Old Description= New Description=???? 10KO ± 1.00% 0.1W ± 100ppm/? 0603
Change Component Description : Designator=R11 Old Description= New Description=???? 10KO ± 1.00% 0.1W ± 100ppm/? 0603
Change Component Description : Designator=R12 Old Description= New Description=???? 10KO ± 1.00% 0.1W ± 100ppm/? 0603
Change Component Description : Designator=R13 Old Description= New Description=???? 10KO ± 1.00% 0.1W ± 100ppm/? 0603
Change Component Description : Designator=R14 Old Description= New Description=???? 10KO ± 1.00% 0.1W ± 100ppm/? 0603
Change Component Description : Designator=R15 Old Description= New Description=???? 10KO ± 1.00% 0.1W ± 100ppm/? 0603
Change Component Description : Designator=R16 Old Description= New Description=???? 10KO ± 1.00% 0.1W ± 100ppm/? 0603
Change Component Description : Designator=R17 Old Description= New Description=???? 10KO ± 1.00% 0.1W ± 100ppm/? 0603
Change Component Description : Designator=R18 Old Description= New Description=???? 10KO ± 1.00% 0.1W ± 100ppm/? 0603
Change Component Description : Designator=R19 Old Description= New Description=???? 10KO ± 1.00% 0.1W ± 100ppm/? 0603
Change Component Description : Designator=R20 Old Description= New Description=???? 10KO ± 1.00% 0.1W ± 100ppm/? 0603
Change Component Description : Designator=R21 Old Description= New Description=???? 10KO ± 1.00% 0.1W ± 100ppm/? 0603
Change Component Description : Designator=R22 Old Description= New Description=???? 10KO ± 1.00% 0.1W ± 100ppm/? 0603
Change component parameters: Designator = "R1" ("R1"); Footprint = "RES 0603"; UniqueID = "\LIKXQZAA" ("\LIKXQZAA")
Change component parameters (AddParameter): Name = "Category"; Value = "LDO"; VariantName = "[No Variations]"
Change component parameters (AddParameter): Name = "Manufacturer"; Value = "Royal Electronic Factory"; VariantName = "[No Variations]"
Change component parameters (AddParameter): Name = "Manufacturer Part Number"; Value = "0603WAF1002T5E"; VariantName = "[No Variations]"
Change component parameters (AddParameter): Name = "Pricing"; Value = "10000=0,001 (USD)"; VariantName = "[No Variations]"
Change component parameters (AddParameter): Name = "RoHS"; Value = "No"; VariantName = "[No Variations]"
Change component parameters (AddParameter): Name = "Stock"; Value = "295000"; VariantName = "[No Variations]"
Change component parameters (AddParameter): Name = "Supplier"; Value = "Mouser"; VariantName = "[No Variations]"
Change component parameters (AddParameter): Name = "Supplier Part Number"; Value = "303-0603WAF1002T5E"; VariantName = "[No Variations]"
Change component parameters (AddParameter): Name = "Value"; Value = "10kR"; VariantName = "[No Variations]"
Change component parameters: Designator = "R2" ("R2"); Footprint = "RES 0603"; UniqueID = "\RXZGVIBD" ("\RXZGVIBD")
Change component parameters (AddParameter): Name = "Category"; Value = "LDO"; VariantName = "[No Variations]"
Change component parameters (AddParameter): Name = "Manufacturer"; Value = "Royal Electronic Factory"; VariantName = "[No Variations]"
Change component parameters (AddParameter): Name = "Manufacturer Part Number"; Value = "0603WAF1002T5E"; VariantName = "[No Variations]"
Change component parameters (AddParameter): Name = "Pricing"; Value = "10000=0,001 (USD)"; VariantName = "[No Variations]"
Change component parameters (AddParameter): Name = "RoHS"; Value = "No"; VariantName = "[No Variations]"
Change component parameters (AddParameter): Name = "Stock"; Value = "295000"; VariantName = "[No Variations]"
Change component parameters (AddParameter): Name = "Supplier"; Value = "Mouser"; VariantName = "[No Variations]"
Change component parameters (AddParameter): Name = "Supplier Part Number"; Value = "303-0603WAF1002T5E"; VariantName = "[No Variations]"
Change component parameters (AddParameter): Name = "Value"; Value = "10kR"; VariantName = "[No Variations]"
Change component parameters: Designator = "R3" ("R3"); Footprint = "RES 0603"; UniqueID = "\BIAFZPLB" ("\BIAFZPLB")
Change component parameters (AddParameter): Name = "Category"; Value = "LDO"; VariantName = "[No Variations]"
Change component parameters (AddParameter): Name = "Manufacturer"; Value = "Royal Electronic Factory"; VariantName = "[No Variations]"
Change component parameters (AddParameter): Name = "Manufacturer Part Number"; Value = "0603WAF1002T5E"; VariantName = "[No Variations]"
Change component parameters (AddParameter): Name = "Pricing"; Value = "10000=0,001 (USD)"; VariantName = "[No Variations]"
Change component parameters (AddParameter): Name = "RoHS"; Value = "No"; VariantName = "[No Variations]"
Change component parameters (AddParameter): Name = "Stock"; Value = "295000"; VariantName = "[No Variations]"
Change component parameters (AddParameter): Name = "Supplier"; Value = "Mouser"; VariantName = "[No Variations]"
Change component parameters (AddParameter): Name = "Supplier Part Number"; Value = "303-0603WAF1002T5E"; VariantName = "[No Variations]"
Change component parameters (AddParameter): Name = "Value"; Value = "10kR"; VariantName = "[No Variations]"
Change component parameters: Designator = "R4" ("R4"); Footprint = "RES 0603"; UniqueID = "\MDAGPWQO" ("\MDAGPWQO")
Change component parameters (AddParameter): Name = "Category"; Value = "LDO"; VariantName = "[No Variations]"
Change component parameters (AddParameter): Name = "Manufacturer"; Value = "Royal Electronic Factory"; VariantName = "[No Variations]"
Change component parameters (AddParameter): Name = "Manufacturer Part Number"; Value = "0603WAF1002T5E"; VariantName = "[No Variations]"
Change component parameters (AddParameter): Name = "Pricing"; Value = "10000=0,001 (USD)"; VariantName = "[No Variations]"
Change component parameters (AddParameter): Name = "RoHS"; Value = "No"; VariantName = "[No Variations]"
Change component parameters (AddParameter): Name = "Stock"; Value = "295000"; VariantName = "[No Variations]"
Change component parameters (AddParameter): Name = "Supplier"; Value = "Mouser"; VariantName = "[No Variations]"
Change component parameters (AddParameter): Name = "Supplier Part Number"; Value = "303-0603WAF1002T5E"; VariantName = "[No Variations]"
Change component parameters (AddParameter): Name = "Value"; Value = "10kR"; VariantName = "[No Variations]"
Change component parameters: Designator = "R5" ("R5"); Footprint = "RES 0603"; UniqueID = "\EKSSZEMP" ("\EKSSZEMP")
Change component parameters (AddParameter): Name = "Category"; Value = "LDO"; VariantName = "[No Variations]"
Change component parameters (AddParameter): Name = "Manufacturer"; Value = "Royal Electronic Factory"; VariantName = "[No Variations]"
Change component parameters (AddParameter): Name = "Manufacturer Part Number"; Value = "0603WAF1002T5E"; VariantName = "[No Variations]"
Change component parameters (AddParameter): Name = "Pricing"; Value = "10000=0,001 (USD)"; VariantName = "[No Variations]"
Change component parameters (AddParameter): Name = "RoHS"; Value = "No"; VariantName = "[No Variations]"
Change component parameters (AddParameter): Name = "Stock"; Value = "295000"; VariantName = "[No Variations]"
Change component parameters (AddParameter): Name = "Supplier"; Value = "Mouser"; VariantName = "[No Variations]"
Change component parameters (AddParameter): Name = "Supplier Part Number"; Value = "303-0603WAF1002T5E"; VariantName = "[No Variations]"
Change component parameters (AddParameter): Name = "Value"; Value = "10kR"; VariantName = "[No Variations]"
Change component parameters: Designator = "R6" ("R6"); Footprint = "RES 0603"; UniqueID = "\AHDLEJAO" ("\AHDLEJAO")
Change component parameters (AddParameter): Name = "Category"; Value = "LDO"; VariantName = "[No Variations]"
Change component parameters (AddParameter): Name = "Manufacturer"; Value = "Royal Electronic Factory"; VariantName = "[No Variations]"
Change component parameters (AddParameter): Name = "Manufacturer Part Number"; Value = "0603WAF1002T5E"; VariantName = "[No Variations]"
Change component parameters (AddParameter): Name = "Pricing"; Value = "10000=0,001 (USD)"; VariantName = "[No Variations]"
Change component parameters (AddParameter): Name = "RoHS"; Value = "No"; VariantName = "[No Variations]"
Change component parameters (AddParameter): Name = "Stock"; Value = "295000"; VariantName = "[No Variations]"
Change component parameters (AddParameter): Name = "Supplier"; Value = "Mouser"; VariantName = "[No Variations]"
Change component parameters (AddParameter): Name = "Supplier Part Number"; Value = "303-0603WAF1002T5E"; VariantName = "[No Variations]"
Change component parameters (AddParameter): Name = "Value"; Value = "10kR"; VariantName = "[No Variations]"
Change component parameters: Designator = "R7" ("R7"); Footprint = "RES 0603"; UniqueID = "\UUNHPHUO" ("\UUNHPHUO")
Change component parameters (AddParameter): Name = "Category"; Value = "LDO"; VariantName = "[No Variations]"
Change component parameters (AddParameter): Name = "Manufacturer"; Value = "Royal Electronic Factory"; VariantName = "[No Variations]"
Change component parameters (AddParameter): Name = "Manufacturer Part Number"; Value = "0603WAF1002T5E"; VariantName = "[No Variations]"
Change component parameters (AddParameter): Name = "Pricing"; Value = "10000=0,001 (USD)"; VariantName = "[No Variations]"
Change component parameters (AddParameter): Name = "RoHS"; Value = "No"; VariantName = "[No Variations]"
Change component parameters (AddParameter): Name = "Stock"; Value = "295000"; VariantName = "[No Variations]"
Change component parameters (AddParameter): Name = "Supplier"; Value = "Mouser"; VariantName = "[No Variations]"
Change component parameters (AddParameter): Name = "Supplier Part Number"; Value = "303-0603WAF1002T5E"; VariantName = "[No Variations]"
Change component parameters (AddParameter): Name = "Value"; Value = "10kR"; VariantName = "[No Variations]"
Change component parameters: Designator = "R8" ("R8"); Footprint = "RES 0603"; UniqueID = "\DKFWDOSQ" ("\DKFWDOSQ")
Change component parameters (AddParameter): Name = "Category"; Value = "LDO"; VariantName = "[No Variations]"
Change component parameters (AddParameter): Name = "Manufacturer"; Value = "Royal Electronic Factory"; VariantName = "[No Variations]"
Change component parameters (AddParameter): Name = "Manufacturer Part Number"; Value = "0603WAF1002T5E"; VariantName = "[No Variations]"
Change component parameters (AddParameter): Name = "Pricing"; Value = "10000=0,001 (USD)"; VariantName = "[No Variations]"
Change component parameters (AddParameter): Name = "RoHS"; Value = "No"; VariantName = "[No Variations]"
Change component parameters (AddParameter): Name = "Stock"; Value = "295000"; VariantName = "[No Variations]"
Change component parameters (AddParameter): Name = "Supplier"; Value = "Mouser"; VariantName = "[No Variations]"
Change component parameters (AddParameter): Name = "Supplier Part Number"; Value = "303-0603WAF1002T5E"; VariantName = "[No Variations]"
Change component parameters (AddParameter): Name = "Value"; Value = "10kR"; VariantName = "[No Variations]"
Change component parameters: Designator = "R9" ("R9"); Footprint = "RES 0603"; UniqueID = "\ASKIVTRC" ("\ASKIVTRC")
Change component parameters (AddParameter): Name = "Category"; Value = "LDO"; VariantName = "[No Variations]"
Change component parameters (AddParameter): Name = "Manufacturer"; Value = "Royal Electronic Factory"; VariantName = "[No Variations]"
Change component parameters (AddParameter): Name = "Manufacturer Part Number"; Value = "0603WAF1002T5E"; VariantName = "[No Variations]"
Change component parameters (AddParameter): Name = "Pricing"; Value = "10000=0,001 (USD)"; VariantName = "[No Variations]"
Change component parameters (AddParameter): Name = "RoHS"; Value = "No"; VariantName = "[No Variations]"
Change component parameters (AddParameter): Name = "Stock"; Value = "295000"; VariantName = "[No Variations]"
Change component parameters (AddParameter): Name = "Supplier"; Value = "Mouser"; VariantName = "[No Variations]"
Change component parameters (AddParameter): Name = "Supplier Part Number"; Value = "303-0603WAF1002T5E"; VariantName = "[No Variations]"
Change component parameters (AddParameter): Name = "Value"; Value = "10kR"; VariantName = "[No Variations]"
Change component parameters: Designator = "R10" ("R10"); Footprint = "RES 0603"; UniqueID = "\QOMDSJHI" ("\QOMDSJHI")
Change component parameters (AddParameter): Name = "Category"; Value = "LDO"; VariantName = "[No Variations]"
Change component parameters (AddParameter): Name = "Manufacturer"; Value = "Royal Electronic Factory"; VariantName = "[No Variations]"
Change component parameters (AddParameter): Name = "Manufacturer Part Number"; Value = "0603WAF1002T5E"; VariantName = "[No Variations]"
Change component parameters (AddParameter): Name = "Pricing"; Value = "10000=0,001 (USD)"; VariantName = "[No Variations]"
Change component parameters (AddParameter): Name = "RoHS"; Value = "No"; VariantName = "[No Variations]"
Change component parameters (AddParameter): Name = "Stock"; Value = "295000"; VariantName = "[No Variations]"
Change component parameters (AddParameter): Name = "Supplier"; Value = "Mouser"; VariantName = "[No Variations]"
Change component parameters (AddParameter): Name = "Supplier Part Number"; Value = "303-0603WAF1002T5E"; VariantName = "[No Variations]"
Change component parameters (AddParameter): Name = "Value"; Value = "10kR"; VariantName = "[No Variations]"
Change component parameters: Designator = "R11" ("R11"); Footprint = "RES 0603"; UniqueID = "\OLHCYUSR" ("\OLHCYUSR")
Change component parameters (AddParameter): Name = "Category"; Value = "LDO"; VariantName = "[No Variations]"
Change component parameters (AddParameter): Name = "Manufacturer"; Value = "Royal Electronic Factory"; VariantName = "[No Variations]"
Change component parameters (AddParameter): Name = "Manufacturer Part Number"; Value = "0603WAF1002T5E"; VariantName = "[No Variations]"
Change component parameters (AddParameter): Name = "Pricing"; Value = "10000=0,001 (USD)"; VariantName = "[No Variations]"
Change component parameters (AddParameter): Name = "RoHS"; Value = "No"; VariantName = "[No Variations]"
Change component parameters (AddParameter): Name = "Stock"; Value = "295000"; VariantName = "[No Variations]"
Change component parameters (AddParameter): Name = "Supplier"; Value = "Mouser"; VariantName = "[No Variations]"
Change component parameters (AddParameter): Name = "Supplier Part Number"; Value = "303-0603WAF1002T5E"; VariantName = "[No Variations]"
Change component parameters (AddParameter): Name = "Value"; Value = "10kR"; VariantName = "[No Variations]"
Change component parameters: Designator = "R12" ("R12"); Footprint = "RES 0603"; UniqueID = "\SEDDZAHV" ("\SEDDZAHV")
Change component parameters (AddParameter): Name = "Category"; Value = "LDO"; VariantName = "[No Variations]"
Change component parameters (AddParameter): Name = "Manufacturer"; Value = "Royal Electronic Factory"; VariantName = "[No Variations]"
Change component parameters (AddParameter): Name = "Manufacturer Part Number"; Value = "0603WAF1002T5E"; VariantName = "[No Variations]"
Change component parameters (AddParameter): Name = "Pricing"; Value = "10000=0,001 (USD)"; VariantName = "[No Variations]"
Change component parameters (AddParameter): Name = "RoHS"; Value = "No"; VariantName = "[No Variations]"
Change component parameters (AddParameter): Name = "Stock"; Value = "295000"; VariantName = "[No Variations]"
Change component parameters (AddParameter): Name = "Supplier"; Value = "Mouser"; VariantName = "[No Variations]"
Change component parameters (AddParameter): Name = "Supplier Part Number"; Value = "303-0603WAF1002T5E"; VariantName = "[No Variations]"
Change component parameters (AddParameter): Name = "Value"; Value = "10kR"; VariantName = "[No Variations]"
Change component parameters: Designator = "R13" ("R13"); Footprint = "RES 0603"; UniqueID = "\CIFEWZZX" ("\CIFEWZZX")
Change component parameters (AddParameter): Name = "Category"; Value = "LDO"; VariantName = "[No Variations]"
Change component parameters (AddParameter): Name = "Manufacturer"; Value = "Royal Electronic Factory"; VariantName = "[No Variations]"
Change component parameters (AddParameter): Name = "Manufacturer Part Number"; Value = "0603WAF1002T5E"; VariantName = "[No Variations]"
Change component parameters (AddParameter): Name = "Pricing"; Value = "10000=0,001 (USD)"; VariantName = "[No Variations]"
Change component parameters (AddParameter): Name = "RoHS"; Value = "No"; VariantName = "[No Variations]"
Change component parameters (AddParameter): Name = "Stock"; Value = "295000"; VariantName = "[No Variations]"
Change component parameters (AddParameter): Name = "Supplier"; Value = "Mouser"; VariantName = "[No Variations]"
Change component parameters (AddParameter): Name = "Supplier Part Number"; Value = "303-0603WAF1002T5E"; VariantName = "[No Variations]"
Change component parameters (AddParameter): Name = "Value"; Value = "10kR"; VariantName = "[No Variations]"
Change component parameters: Designator = "R14" ("R14"); Footprint = "RES 0603"; UniqueID = "\MRRQSTQX" ("\MRRQSTQX")
Change component parameters (AddParameter): Name = "Category"; Value = "LDO"; VariantName = "[No Variations]"
Change component parameters (AddParameter): Name = "Manufacturer"; Value = "Royal Electronic Factory"; VariantName = "[No Variations]"
Change component parameters (AddParameter): Name = "Manufacturer Part Number"; Value = "0603WAF1002T5E"; VariantName = "[No Variations]"
Change component parameters (AddParameter): Name = "Pricing"; Value = "10000=0,001 (USD)"; VariantName = "[No Variations]"
Change component parameters (AddParameter): Name = "RoHS"; Value = "No"; VariantName = "[No Variations]"
Change component parameters (AddParameter): Name = "Stock"; Value = "295000"; VariantName = "[No Variations]"
Change component parameters (AddParameter): Name = "Supplier"; Value = "Mouser"; VariantName = "[No Variations]"
Change component parameters (AddParameter): Name = "Supplier Part Number"; Value = "303-0603WAF1002T5E"; VariantName = "[No Variations]"
Change component parameters (AddParameter): Name = "Value"; Value = "10kR"; VariantName = "[No Variations]"
Change component parameters: Designator = "R15" ("R15"); Footprint = "RES 0603"; UniqueID = "\ZKSQNJXI" ("\ZKSQNJXI")
Change component parameters (AddParameter): Name = "Category"; Value = "LDO"; VariantName = "[No Variations]"
Change component parameters (AddParameter): Name = "Manufacturer"; Value = "Royal Electronic Factory"; VariantName = "[No Variations]"
Change component parameters (AddParameter): Name = "Manufacturer Part Number"; Value = "0603WAF1002T5E"; VariantName = "[No Variations]"
Change component parameters (AddParameter): Name = "Pricing"; Value = "10000=0,001 (USD)"; VariantName = "[No Variations]"
Change component parameters (AddParameter): Name = "RoHS"; Value = "No"; VariantName = "[No Variations]"
Change component parameters (AddParameter): Name = "Stock"; Value = "295000"; VariantName = "[No Variations]"
Change component parameters (AddParameter): Name = "Supplier"; Value = "Mouser"; VariantName = "[No Variations]"
Change component parameters (AddParameter): Name = "Supplier Part Number"; Value = "303-0603WAF1002T5E"; VariantName = "[No Variations]"
Change component parameters (AddParameter): Name = "Value"; Value = "10kR"; VariantName = "[No Variations]"
Change component parameters: Designator = "R16" ("R16"); Footprint = "RES 0603"; UniqueID = "\BLWDKYGV" ("\BLWDKYGV")
Change component parameters (AddParameter): Name = "Category"; Value = "LDO"; VariantName = "[No Variations]"
Change component parameters (AddParameter): Name = "Manufacturer"; Value = "Royal Electronic Factory"; VariantName = "[No Variations]"
Change component parameters (AddParameter): Name = "Manufacturer Part Number"; Value = "0603WAF1002T5E"; VariantName = "[No Variations]"
Change component parameters (AddParameter): Name = "Pricing"; Value = "10000=0,001 (USD)"; VariantName = "[No Variations]"
Change component parameters (AddParameter): Name = "RoHS"; Value = "No"; VariantName = "[No Variations]"
Change component parameters (AddParameter): Name = "Stock"; Value = "295000"; VariantName = "[No Variations]"
Change component parameters (AddParameter): Name = "Supplier"; Value = "Mouser"; VariantName = "[No Variations]"
Change component parameters (AddParameter): Name = "Supplier Part Number"; Value = "303-0603WAF1002T5E"; VariantName = "[No Variations]"
Change component parameters (AddParameter): Name = "Value"; Value = "10kR"; VariantName = "[No Variations]"
Change component parameters: Designator = "R17" ("R17"); Footprint = "RES 0603"; UniqueID = "\ZGJNITBM" ("\ZGJNITBM")
Change component parameters (AddParameter): Name = "Category"; Value = "LDO"; VariantName = "[No Variations]"
Change component parameters (AddParameter): Name = "Manufacturer"; Value = "Royal Electronic Factory"; VariantName = "[No Variations]"
Change component parameters (AddParameter): Name = "Manufacturer Part Number"; Value = "0603WAF1002T5E"; VariantName = "[No Variations]"
Change component parameters (AddParameter): Name = "Pricing"; Value = "10000=0,001 (USD)"; VariantName = "[No Variations]"
Change component parameters (AddParameter): Name = "RoHS"; Value = "No"; VariantName = "[No Variations]"
Change component parameters (AddParameter): Name = "Stock"; Value = "295000"; VariantName = "[No Variations]"
Change component parameters (AddParameter): Name = "Supplier"; Value = "Mouser"; VariantName = "[No Variations]"
Change component parameters (AddParameter): Name = "Supplier Part Number"; Value = "303-0603WAF1002T5E"; VariantName = "[No Variations]"
Change component parameters (AddParameter): Name = "Value"; Value = "10kR"; VariantName = "[No Variations]"
Change component parameters: Designator = "R18" ("R18"); Footprint = "RES 0603"; UniqueID = "\EBQNPEYD" ("\EBQNPEYD")
Change component parameters (AddParameter): Name = "Category"; Value = "LDO"; VariantName = "[No Variations]"
Change component parameters (AddParameter): Name = "Manufacturer"; Value = "Royal Electronic Factory"; VariantName = "[No Variations]"
Change component parameters (AddParameter): Name = "Manufacturer Part Number"; Value = "0603WAF1002T5E"; VariantName = "[No Variations]"
Change component parameters (AddParameter): Name = "Pricing"; Value = "10000=0,001 (USD)"; VariantName = "[No Variations]"
Change component parameters (AddParameter): Name = "RoHS"; Value = "No"; VariantName = "[No Variations]"
Change component parameters (AddParameter): Name = "Stock"; Value = "295000"; VariantName = "[No Variations]"
Change component parameters (AddParameter): Name = "Supplier"; Value = "Mouser"; VariantName = "[No Variations]"
Change component parameters (AddParameter): Name = "Supplier Part Number"; Value = "303-0603WAF1002T5E"; VariantName = "[No Variations]"
Change component parameters (AddParameter): Name = "Value"; Value = "10kR"; VariantName = "[No Variations]"
Change component parameters: Designator = "R19" ("R19"); Footprint = "RES 0603"; UniqueID = "\VPDRHNGR" ("\VPDRHNGR")
Change component parameters (AddParameter): Name = "Category"; Value = "LDO"; VariantName = "[No Variations]"
Change component parameters (AddParameter): Name = "Manufacturer"; Value = "Royal Electronic Factory"; VariantName = "[No Variations]"
Change component parameters (AddParameter): Name = "Manufacturer Part Number"; Value = "0603WAF1002T5E"; VariantName = "[No Variations]"
Change component parameters (AddParameter): Name = "Pricing"; Value = "10000=0,001 (USD)"; VariantName = "[No Variations]"
Change component parameters (AddParameter): Name = "RoHS"; Value = "No"; VariantName = "[No Variations]"
Change component parameters (AddParameter): Name = "Stock"; Value = "295000"; VariantName = "[No Variations]"
Change component parameters (AddParameter): Name = "Supplier"; Value = "Mouser"; VariantName = "[No Variations]"
Change component parameters (AddParameter): Name = "Supplier Part Number"; Value = "303-0603WAF1002T5E"; VariantName = "[No Variations]"
Change component parameters (AddParameter): Name = "Value"; Value = "10kR"; VariantName = "[No Variations]"
Change component parameters: Designator = "R20" ("R20"); Footprint = "RES 0603"; UniqueID = "\TWYJAERS" ("\TWYJAERS")
Change component parameters (AddParameter): Name = "Category"; Value = "LDO"; VariantName = "[No Variations]"
Change component parameters (AddParameter): Name = "Manufacturer"; Value = "Royal Electronic Factory"; VariantName = "[No Variations]"
Change component parameters (AddParameter): Name = "Manufacturer Part Number"; Value = "0603WAF1002T5E"; VariantName = "[No Variations]"
Change component parameters (AddParameter): Name = "Pricing"; Value = "10000=0,001 (USD)"; VariantName = "[No Variations]"
Change component parameters (AddParameter): Name = "RoHS"; Value = "No"; VariantName = "[No Variations]"
Change component parameters (AddParameter): Name = "Stock"; Value = "295000"; VariantName = "[No Variations]"
Change component parameters (AddParameter): Name = "Supplier"; Value = "Mouser"; VariantName = "[No Variations]"
Change component parameters (AddParameter): Name = "Supplier Part Number"; Value = "303-0603WAF1002T5E"; VariantName = "[No Variations]"
Change component parameters (AddParameter): Name = "Value"; Value = "10kR"; VariantName = "[No Variations]"
Change component parameters: Designator = "R21" ("R21"); Footprint = "RES 0603"; UniqueID = "\IQTEEXPV" ("\IQTEEXPV")
Change component parameters (AddParameter): Name = "Category"; Value = "LDO"; VariantName = "[No Variations]"
Change component parameters (AddParameter): Name = "Manufacturer"; Value = "Royal Electronic Factory"; VariantName = "[No Variations]"
Change component parameters (AddParameter): Name = "Manufacturer Part Number"; Value = "0603WAF1002T5E"; VariantName = "[No Variations]"
Change component parameters (AddParameter): Name = "Pricing"; Value = "10000=0,001 (USD)"; VariantName = "[No Variations]"
Change component parameters (AddParameter): Name = "RoHS"; Value = "No"; VariantName = "[No Variations]"
Change component parameters (AddParameter): Name = "Stock"; Value = "295000"; VariantName = "[No Variations]"
Change component parameters (AddParameter): Name = "Supplier"; Value = "Mouser"; VariantName = "[No Variations]"
Change component parameters (AddParameter): Name = "Supplier Part Number"; Value = "303-0603WAF1002T5E"; VariantName = "[No Variations]"
Change component parameters (AddParameter): Name = "Value"; Value = "10kR"; VariantName = "[No Variations]"
Change component parameters: Designator = "R22" ("R22"); Footprint = "RES 0603"; UniqueID = "\SYUIVCEA" ("\SYUIVCEA")
Change component parameters (AddParameter): Name = "Category"; Value = "LDO"; VariantName = "[No Variations]"
Change component parameters (AddParameter): Name = "Manufacturer"; Value = "Royal Electronic Factory"; VariantName = "[No Variations]"
Change component parameters (AddParameter): Name = "Manufacturer Part Number"; Value = "0603WAF1002T5E"; VariantName = "[No Variations]"
Change component parameters (AddParameter): Name = "Pricing"; Value = "10000=0,001 (USD)"; VariantName = "[No Variations]"
Change component parameters (AddParameter): Name = "RoHS"; Value = "No"; VariantName = "[No Variations]"
Change component parameters (AddParameter): Name = "Stock"; Value = "295000"; VariantName = "[No Variations]"
Change component parameters (AddParameter): Name = "Supplier"; Value = "Mouser"; VariantName = "[No Variations]"
Change component parameters (AddParameter): Name = "Supplier Part Number"; Value = "303-0603WAF1002T5E"; VariantName = "[No Variations]"
Change component parameters (AddParameter): Name = "Value"; Value = "10kR"; VariantName = "[No Variations]"
