Removed Pin From Net: NetName=ALRT1_IN Pin=JUMP1-2
Removed Pin From Net: NetName=ALRT2_IN Pin=JUMP2-2
Removed Pin From Net: NetName=ALRT3_IN Pin=JUMP3-2
Added Component: Designator=ADC 4(TSSOP50P490X110-10N ADS1115)
Add component (AddParameter): Name = "Case/Package"; Value = "VSSOP"; VariantName = "[No Variations]"
Add component (AddParameter): Name = "Category"; Value = "Analog to Digital Converters (ADCs)"; VariantName = "[No Variations]"
Add component (AddParameter): Name = "ComponentLink1Description"; Value = "https://datasheet.ciiva.com/4031/47725463s8438921n7713-4031028.pdf?src-supplier=Arrow+Electronics"; VariantName = "[No Variations]"
Add component (AddParameter): Name = "ComponentLink1URL"; Value = "https://datasheet.ciiva.com/4031/47725463s8438921n7713-4031028.pdf?src-supplier=Arrow+Electronics"; VariantName = "[No Variations]"
Add component (AddParameter): Name = "Contact Plating"; Value = "Gold"; VariantName = "[No Variations]"
Add component (AddParameter): Name = "Conversion Rate"; Value = "0.86KS/s"; VariantName = "[No Variations]"
Add component (AddParameter): Name = "Height"; Value = "1.07mm"; VariantName = "[No Variations]"
Add component (AddParameter): Name = "Integral Nonlinearity (INL)"; Value = "1LSB"; VariantName = "[No Variations]"
Add component (AddParameter): Name = "Interface"; Value = "I2C"; VariantName = "[No Variations]"
Add component (AddParameter): Name = "Lead Free"; Value = "Lead Free"; VariantName = "[No Variations]"
Add component (AddParameter): Name = "Length"; Value = "3mm"; VariantName = "[No Variations]"
Add component (AddParameter): Name = "Manufacturer"; Value = "Texas Instruments"; VariantName = "[No Variations]"
Add component (AddParameter): Name = "Manufacturer Part Number"; Value = "ADS1115IDGSR"; VariantName = "[No Variations]"
Add component (AddParameter): Name = "Max Operating Temperature"; Value = "125°C"; VariantName = "[No Variations]"
Add component (AddParameter): Name = "Max Supply Voltage"; Value = "5.5V"; VariantName = "[No Variations]"
Add component (AddParameter): Name = "Max Supply Voltage (DC)"; Value = "5.5V"; VariantName = "[No Variations]"
Add component (AddParameter): Name = "Min Operating Temperature"; Value = "-40°C"; VariantName = "[No Variations]"
Add component (AddParameter): Name = "Min Supply Voltage"; Value = "2V"; VariantName = "[No Variations]"
Add component (AddParameter): Name = "Min Supply Voltage (DC)"; Value = "2V"; VariantName = "[No Variations]"
Add component (AddParameter): Name = "Nominal Supply Current"; Value = "150uA"; VariantName = "[No Variations]"
Add component (AddParameter): Name = "Number of A/D Converters"; Value = "1"; VariantName = "[No Variations]"
Add component (AddParameter): Name = "Number of Bits"; Value = "16"; VariantName = "[No Variations]"
Add component (AddParameter): Name = "Number of Channels"; Value = "2"; VariantName = "[No Variations]"
Add component (AddParameter): Name = "Number of Converters"; Value = "1"; VariantName = "[No Variations]"
Add component (AddParameter): Name = "Number of Inputs"; Value = "4"; VariantName = "[No Variations]"
Add component (AddParameter): Name = "Package Quantity"; Value = "2500"; VariantName = "[No Variations]"
Add component (AddParameter): Name = "Packaging"; Value = "Tape and Reel"; VariantName = "[No Variations]"
Add component (AddParameter): Name = "Pins"; Value = "10"; VariantName = "[No Variations]"
Add component (AddParameter): Name = "Polarity"; Value = "Bipolar"; VariantName = "[No Variations]"
Add component (AddParameter): Name = "Power Dissipation"; Value = "900uW"; VariantName = "[No Variations]"
Add component (AddParameter): Name = "Pricing"; Value = "1=5,34, 10=3,91, 50=3,91, 100=3,3, 1000=2,64, 10000=2,49 (USD)"; VariantName = "[No Variations]"
Add component (AddParameter): Name = "Reach SVHC Compliant"; Value = "No"; VariantName = "[No Variations]"
Add component (AddParameter): Name = "Resolution"; Value = "16b"; VariantName = "[No Variations]"
Add component (AddParameter): Name = "RoHS"; Value = "Yes"; VariantName = "[No Variations]"
Add component (AddParameter): Name = "RoHS Compliant"; Value = "Yes"; VariantName = "[No Variations]"
Add component (AddParameter): Name = "Sampling Rate"; Value = "860S/s"; VariantName = "[No Variations]"
Add component (AddParameter): Name = "Series"; Value = "-"; VariantName = "[No Variations]"
Add component (AddParameter): Name = "Stock"; Value = "9640"; VariantName = "[No Variations]"
Add component (AddParameter): Name = "Supplier"; Value = "Mouser"; VariantName = "[No Variations]"
Add component (AddParameter): Name = "Supplier Part Number"; Value = "595-ADS1115IDGSR"; VariantName = "[No Variations]"
Add component (AddParameter): Name = "Supply Type"; Value = "Single"; VariantName = "[No Variations]"
Add component (AddParameter): Name = "Thickness"; Value = "1.02mm"; VariantName = "[No Variations]"
Add component (AddParameter): Name = "Width"; Value = "3mm"; VariantName = "[No Variations]"
Added Component: Designator=C17(Cap 0603)
Added Component: Designator=C18(Cap 0603)
Added Component: Designator=C19(Cap 0603)
Added Component: Designator=C20(Cap 0603)
Added Component: Designator=C21(Cap 0603)
Added Component: Designator=J4(Kontakt 5P 3.5)
Added Component: Designator=JUMP4(jumper)
Added Component: Designator=Q7(FP-SOT23-MFG)
Add component (AddParameter): Name = "Case/Package"; Value = "SOT-23"; VariantName = "[No Variations]"
Add component (AddParameter): Name = "Continuous Drain Current (ID)"; Value = "5.7A"; VariantName = "[No Variations]"
Add component (AddParameter): Name = "Drain to Source Voltage (Vdss)"; Value = "30V"; VariantName = "[No Variations]"
Add component (AddParameter): Name = "Gate to Source Voltage (Vgs)"; Value = "12V"; VariantName = "[No Variations]"
Add component (AddParameter): Name = "Input Capacitance"; Value = "630pF"; VariantName = "[No Variations]"
Add component (AddParameter): Name = "Lead Free"; Value = "Lead Free"; VariantName = "[No Variations]"
Add component (AddParameter): Name = "Max Operating Temperature"; Value = "150°C"; VariantName = "[No Variations]"
Add component (AddParameter): Name = "Max Power Dissipation"; Value = "1.4W"; VariantName = "[No Variations]"
Add component (AddParameter): Name = "Min Operating Temperature"; Value = "-55°C"; VariantName = "[No Variations]"
Add component (AddParameter): Name = "Mount"; Value = "Surface Mount"; VariantName = "[No Variations]"
Add component (AddParameter): Name = "Number of Elements"; Value = "1"; VariantName = "[No Variations]"
Add component (AddParameter): Name = "Number of Pins"; Value = "3"; VariantName = "[No Variations]"
Add component (AddParameter): Name = "Packaging"; Value = "Tape and Reel"; VariantName = "[No Variations]"
Add component (AddParameter): Name = "Power Dissipation"; Value = "1.4W"; VariantName = "[No Variations]"
Add component (AddParameter): Name = "Radiation Hardening"; Value = "No"; VariantName = "[No Variations]"
Add component (AddParameter): Name = "Rds On Max"; Value = "26.5mR"; VariantName = "[No Variations]"
Added Component: Designator=R24(Res 0603)
Added Component: Designator=R25(Res 0603)
Added Component: Designator=R26(Res 0603)
Added Component: Designator=R27(Res 0603)
Added Component: Designator=R28(Res 0603)
Added Component: Designator=R29(Res 0603)
Added Pin To Net: NetName=SDA Pin=ADC 4-1
Added Pin To Net: NetName=GND Pin=ADC 4-3
Added Pin To Net: NetName=+5 Pin=ADC 4-8
Added Pin To Net: NetName=SDA Pin=ADC 4-9
Added Pin To Net: NetName=SCL Pin=ADC 4-10
Added Pin To Net: NetName=GND Pin=C17-1
Added Pin To Net: NetName=+5 Pin=C17-2
Added Pin To Net: NetName=GND Pin=C18-1
Added Pin To Net: NetName=GND Pin=C19-1
Added Pin To Net: NetName=GND Pin=C20-1
Added Pin To Net: NetName=GND Pin=C21-1
Added Pin To Net: NetName=GND Pin=J4-5
Added Pin To Net: NetName=ALRT2_IN Pin=JUMP1-2
Added Pin To Net: NetName=ALRT3_IN Pin=JUMP2-2
Added Pin To Net: NetName=ALRT1_IN Pin=JUMP4-2
Added Pin To Net: NetName=+3.3V Pin=Q7-1
Added Pin To Net: NetName=+3.3V Pin=R24-2
Added Pin To Net: NetName=+5 Pin=R25-2
Added Pin To Net: NetName=+5 Pin=R26-2
Added Pin To Net: NetName=+5 Pin=R27-2
Added Pin To Net: NetName=+5 Pin=R28-2
Added Pin To Net: NetName=+5 Pin=R29-2
Added Pin To Net: NetName=ALRT4_IN Pin=JUMP3-2
Added Pin To Net: NetName=ALRT4_IN Pin=Q7-2
Added Pin To Net: NetName=ALRT4_IN Pin=R24-1
Added Net: Name=ALRT4_IN
Added Pin To Net: NetName=ALRT4_OUT Pin=ADC 4-2
Added Pin To Net: NetName=ALRT4_OUT Pin=Q7-3
Added Pin To Net: NetName=ALRT4_OUT Pin=R25-1
Added Net: Name=ALRT4_OUT
Added Pin To Net: NetName=NetADC 4_4 Pin=ADC 4-4
Added Pin To Net: NetName=NetADC 4_4 Pin=C18-2
Added Pin To Net: NetName=NetADC 4_4 Pin=J4-1
Added Pin To Net: NetName=NetADC 4_4 Pin=R26-1
Added Net: Name=NetADC 4_4
Added Pin To Net: NetName=NetADC 4_5 Pin=ADC 4-5
Added Pin To Net: NetName=NetADC 4_5 Pin=C19-2
Added Pin To Net: NetName=NetADC 4_5 Pin=J4-2
Added Pin To Net: NetName=NetADC 4_5 Pin=R27-1
Added Net: Name=NetADC 4_5
Added Pin To Net: NetName=NetADC 4_6 Pin=ADC 4-6
Added Pin To Net: NetName=NetADC 4_6 Pin=C20-2
Added Pin To Net: NetName=NetADC 4_6 Pin=J4-3
Added Pin To Net: NetName=NetADC 4_6 Pin=R28-1
Added Net: Name=NetADC 4_6
Added Pin To Net: NetName=NetADC 4_7 Pin=ADC 4-7
Added Pin To Net: NetName=NetADC 4_7 Pin=C21-2
Added Pin To Net: NetName=NetADC 4_7 Pin=J4-4
Added Pin To Net: NetName=NetADC 4_7 Pin=R29-1
Added Net: Name=NetADC 4_7
Added Pin To Net: NetName=NetJUMP4_1 Pin=JUMP4-1
Added Pin To Net: NetName=NetJUMP4_1 Pin=U1-17
Added Net: Name=NetJUMP4_1
Added Member To Class: ClassName=Main sheet Member=Component ADC 4 ADS1115
Added Member To Class: ClassName=Main sheet Member=Component C17 0.1uF
Added Member To Class: ClassName=Main sheet Member=Component C18 10uf
Added Member To Class: ClassName=Main sheet Member=Component C19 C0603
Added Member To Class: ClassName=Main sheet Member=Component C20 C0603
Added Member To Class: ClassName=Main sheet Member=Component C21 C0603
Added Member To Class: ClassName=Main sheet Member=Component J4 kontakt 5p 5.08
Added Member To Class: ClassName=Main sheet Member=Component JUMP4 Solder jumper
Added Member To Class: ClassName=Level Switch Member=Component Q7 AO3400A
Added Member To Class: ClassName=Level Switch Member=Component R24 10k
Added Member To Class: ClassName=Level Switch Member=Component R25 10k
Added Member To Class: ClassName=Main sheet Member=Component R26 DTS_5
Added Member To Class: ClassName=Main sheet Member=Component R27 DTS_6
Added Member To Class: ClassName=Main sheet Member=Component R28 DTS_7
Added Member To Class: ClassName=Main sheet Member=Component R29 DTS_8
