Add Pin To Net: Unknown Pin: Pin jump1-23
Add Pin To Net: Unknown Pin: Pin jump1-24
Add Pin To Net: Unknown Pin: Pin jump2-23
Add Pin To Net: Unknown Pin: Pin jump2-24
Add Pin To Net: Unknown Pin: Pin jump3-23
Add Pin To Net: Unknown Pin: Pin jump3-24
Add Pin To Net: Unknown Pin: Pin R1-1
Add Pin To Net: Unknown Pin: Pin R1-2
Add Pin To Net: Unknown Pin: Pin R2-1
Add Pin To Net: Unknown Pin: Pin R2-2
Add Pin To Net: Unknown Pin: Pin R3-1
Add Pin To Net: Unknown Pin: Pin R3-2
Add Pin To Net: Unknown Pin: Pin R4-1
Add Pin To Net: Unknown Pin: Pin R4-2
Add Pin To Net: Unknown Pin: Pin R5-1
Add Pin To Net: Unknown Pin: Pin R5-2
Add Pin To Net: Unknown Pin: Pin R6-1
Add Pin To Net: Unknown Pin: Pin R6-2
Add Pin To Net: Unknown Pin: Pin R7-1
Add Pin To Net: Unknown Pin: Pin R7-2
Add Pin To Net: Unknown Pin: Pin R8-1
Add Pin To Net: Unknown Pin: Pin R8-2
Add Pin To Net: Unknown Pin: Pin R9-1
Add Pin To Net: Unknown Pin: Pin R9-2
Add Pin To Net: Unknown Pin: Pin R10-1
Add Pin To Net: Unknown Pin: Pin R10-2
Add Pin To Net: Unknown Pin: Pin R11-1
Add Pin To Net: Unknown Pin: Pin R11-2
Add Pin To Net: Unknown Pin: Pin R12-1
Add Pin To Net: Unknown Pin: Pin R12-2
Add Pin To Net: Unknown Pin: Pin R13-1
Add Pin To Net: Unknown Pin: Pin R13-2
Add Pin To Net: Unknown Pin: Pin R14-1
Add Pin To Net: Unknown Pin: Pin R14-2
Add Pin To Net: Unknown Pin: Pin R15-1
Add Pin To Net: Unknown Pin: Pin R15-2
Add Pin To Net: Unknown Pin: Pin R16-1
Add Pin To Net: Unknown Pin: Pin R16-2
Add Pin To Net: Unknown Pin: Pin R17-1
Add Pin To Net: Unknown Pin: Pin R17-2
Add Pin To Net: Unknown Pin: Pin R18-1
Add Pin To Net: Unknown Pin: Pin R18-2
Add Pin To Net: Unknown Pin: Pin R19-1
Add Pin To Net: Unknown Pin: Pin R19-2
Add Pin To Net: Unknown Pin: Pin R20-1
Add Pin To Net: Unknown Pin: Pin R20-2
Add Pin To Net: Unknown Pin: Pin R21-1
Add Pin To Net: Unknown Pin: Pin R21-2
Add Pin To Net: Unknown Pin: Pin R22-1
Add Pin To Net: Unknown Pin: Pin R22-2
Add Class Member: Failed to add class member : Component jump1 Solder jumper
Add Class Member: Failed to add class member : Component jump2 Solder jumper
Add Class Member: Failed to add class member : Component jump3 Solder jumper
Add Class Member: Failed to add class member : Component R1 R0603
Add Class Member: Failed to add class member : Component R2 R0603
Add Class Member: Failed to add class member : Component R3 R0603
Add Class Member: Failed to add class member : Component R4 R0603
Add Class Member: Failed to add class member : Component R5 R0603
Add Class Member: Failed to add class member : Component R6 R0603
Add Class Member: Failed to add class member : Component R7 R0603
Add Class Member: Failed to add class member : Component R8 R0603
Add Class Member: Failed to add class member : Component R9 R0603
Add Class Member: Failed to add class member : Component R10 R0603
Add Class Member: Failed to add class member : Component R11 R0603
Add Class Member: Failed to add class member : Component R12 R0603
Add Class Member: Failed to add class member : Component R13 10k
Add Class Member: Failed to add class member : Component R14 10k
Add Class Member: Failed to add class member : Component R15 10k
Add Class Member: Failed to add class member : Component R16 10k
Add Class Member: Failed to add class member : Component R17 10k
Add Class Member: Failed to add class member : Component R18 10k
Add Class Member: Failed to add class member : Component R19 10k
Add Class Member: Failed to add class member : Component R20 10k
Add Class Member: Failed to add class member : Component R21 10k
Add Class Member: Failed to add class member : Component R22 10k
