Removed Pin From Net: NetName=GND Pin=*-5
Remove Pin from Net: Failed to remove Pin
Remove Pin from Net: Failed to remove Pin
Removed Member From Class: ClassName=Main Member=*
Added Component: Designator=J1(Kontakt 5P 3.5)
Added Component: Designator=J2(Kontakt 5P 3.5)
Added Component: Designator=J3(Kontakt 5P 3.5)
Added Pin To Net: NetName=GND Pin=J1-5
Added Pin To Net: NetName=GND Pin=J2-5
Added Pin To Net: NetName=GND Pin=J3-5
Add Pin To Net: Unknown Pin: Pin R1-2
Add Pin To Net: Unknown Pin: Pin R2-2
Add Pin To Net: Unknown Pin: Pin R3-2
Add Pin To Net: Unknown Pin: Pin R4-2
Add Pin To Net: Unknown Pin: Pin R5-2
Add Pin To Net: Unknown Pin: Pin R6-2
Add Pin To Net: Unknown Pin: Pin R7-2
Add Pin To Net: Unknown Pin: Pin R8-2
Add Pin To Net: Unknown Pin: Pin R9-2
Add Pin To Net: Unknown Pin: Pin R10-2
Add Pin To Net: Unknown Pin: Pin R11-2
Add Pin To Net: Unknown Pin: Pin R12-2
Add Pin To Net: Unknown Pin: Pin R13-1
Add Pin To Net: Unknown Pin: Pin R13-2
Add Pin To Net: Unknown Pin: Pin R14-1
Add Pin To Net: Unknown Pin: Pin R14-2
Add Pin To Net: Unknown Pin: Pin R15-1
Add Pin To Net: Unknown Pin: Pin R15-2
Add Pin To Net: Unknown Pin: Pin R16-1
Add Pin To Net: Unknown Pin: Pin R16-2
Add Pin To Net: Unknown Pin: Pin R17-1
Add Pin To Net: Unknown Pin: Pin R17-2
Add Pin To Net: Unknown Pin: Pin R18-1
Add Pin To Net: Unknown Pin: Pin R18-2
Add Pin To Net: Unknown Pin: Pin R19-1
Add Pin To Net: Unknown Pin: Pin R19-2
Add Pin To Net: Unknown Pin: Pin R20-1
Add Pin To Net: Unknown Pin: Pin R20-2
Add Pin To Net: Unknown Pin: Pin R21-1
Add Pin To Net: Unknown Pin: Pin R21-2
Add Pin To Net: Unknown Pin: Pin R22-1
Add Pin To Net: Unknown Pin: Pin R22-2
Add Pin To Net: Unknown Pin: Pin T1-2
Add Pin To Net: Unknown Pin: Pin T2-2
Add Pin To Net: Unknown Pin: Pin T3-2
Add Pin To Net: Unknown Pin: Pin T4-2
Add Pin To Net: Unknown Pin: Pin T5-2
Add Pin To Net: Unknown Pin: Pin T6-2
Add Pin To Net: Unknown Pin: Pin T7-2
Add Pin To Net: Unknown Pin: Pin T8-2
Add Pin To Net: Unknown Pin: Pin T9-2
Add Pin To Net: Unknown Pin: Pin T10-2
Add Pin To Net: Unknown Pin: Pin T11-2
Add Pin To Net: Unknown Pin: Pin T12-2
Added Pin To Net: NetName=NetC2_1 Pin=C2-1
Added Pin To Net: NetName=NetC2_1 Pin=J1-1
Added Pin To Net: NetName=NetC2_1 Pin=U2-4
Added Net: Name=NetC2_1
Added Pin To Net: NetName=NetC3_1 Pin=C3-1
Added Pin To Net: NetName=NetC3_1 Pin=J1-2
Added Pin To Net: NetName=NetC3_1 Pin=U2-5
Added Net: Name=NetC3_1
Added Pin To Net: NetName=NetC4_1 Pin=C4-1
Added Pin To Net: NetName=NetC4_1 Pin=J1-3
Added Pin To Net: NetName=NetC4_1 Pin=U2-6
Added Net: Name=NetC4_1
Added Pin To Net: NetName=NetC5_1 Pin=C5-1
Added Pin To Net: NetName=NetC5_1 Pin=J1-4
Added Pin To Net: NetName=NetC5_1 Pin=U2-7
Added Net: Name=NetC5_1
Added Pin To Net: NetName=NetC7_1 Pin=C7-1
Added Pin To Net: NetName=NetC7_1 Pin=J2-1
Added Pin To Net: NetName=NetC7_1 Pin=U3-4
Added Net: Name=NetC7_1
Added Pin To Net: NetName=NetC8_1 Pin=C8-1
Added Pin To Net: NetName=NetC8_1 Pin=J2-2
Added Pin To Net: NetName=NetC8_1 Pin=U3-5
Added Net: Name=NetC8_1
Added Pin To Net: NetName=NetC9_1 Pin=C9-1
Added Pin To Net: NetName=NetC9_1 Pin=J2-3
Added Pin To Net: NetName=NetC9_1 Pin=U3-6
Added Net: Name=NetC9_1
Added Pin To Net: NetName=NetC10_1 Pin=C10-1
Added Pin To Net: NetName=NetC10_1 Pin=J2-4
Added Pin To Net: NetName=NetC10_1 Pin=U3-7
Added Net: Name=NetC10_1
Added Pin To Net: NetName=NetC12_1 Pin=C12-1
Added Pin To Net: NetName=NetC12_1 Pin=J3-1
Added Pin To Net: NetName=NetC12_1 Pin=U4-4
Added Net: Name=NetC12_1
Added Pin To Net: NetName=NetC13_1 Pin=C13-1
Added Pin To Net: NetName=NetC13_1 Pin=J3-2
Added Pin To Net: NetName=NetC13_1 Pin=U4-5
Added Net: Name=NetC13_1
Added Pin To Net: NetName=NetC14_1 Pin=C14-1
Added Pin To Net: NetName=NetC14_1 Pin=J3-3
Added Pin To Net: NetName=NetC14_1 Pin=U4-6
Added Net: Name=NetC14_1
Added Pin To Net: NetName=NetC15_1 Pin=C15-1
Added Pin To Net: NetName=NetC15_1 Pin=J3-4
Added Pin To Net: NetName=NetC15_1 Pin=U4-7
Added Net: Name=NetC15_1
Added Pin To Net: NetName=Netjump1_23 Pin=U1-18
Added Net: Name=Netjump1_23
Added Pin To Net: NetName=Netjump2_23 Pin=U1-19
Added Net: Name=Netjump2_23
Added Pin To Net: NetName=Netjump3_23 Pin=U1-20
Added Net: Name=Netjump3_23
Added Member To Class: ClassName=Main Member=Component J1 kontakt 5p 5.08
Added Member To Class: ClassName=Main Member=Component J2 kontakt 5p 5.08
Added Member To Class: ClassName=Main Member=Component J3 kontakt 5p 5.08
Add Class Member: Failed to add class member : Component jump1 Solder jumper
Add Class Member: Failed to add class member : Component jump2 Solder jumper
Add Class Member: Failed to add class member : Component jump3 Solder jumper
Add Class Member: Failed to add class member : Component R1 R0603
Add Class Member: Failed to add class member : Component R2 R0603
Add Class Member: Failed to add class member : Component R3 R0603
Add Class Member: Failed to add class member : Component R4 R0603
Add Class Member: Failed to add class member : Component R5 R0603
Add Class Member: Failed to add class member : Component R6 R0603
Add Class Member: Failed to add class member : Component R7 R0603
Add Class Member: Failed to add class member : Component R8 R0603
Add Class Member: Failed to add class member : Component R9 R0603
Add Class Member: Failed to add class member : Component R10 R0603
Add Class Member: Failed to add class member : Component R11 R0603
Add Class Member: Failed to add class member : Component R12 R0603
Add Class Member: Failed to add class member : Component R13 10k
Add Class Member: Failed to add class member : Component R14 10k
Add Class Member: Failed to add class member : Component R15 10k
Add Class Member: Failed to add class member : Component R16 10k
Add Class Member: Failed to add class member : Component R17 10k
Add Class Member: Failed to add class member : Component R18 10k
Add Class Member: Failed to add class member : Component R19 10k
Add Class Member: Failed to add class member : Component R20 10k
Add Class Member: Failed to add class member : Component R21 10k
Add Class Member: Failed to add class member : Component R22 10k
Add Class Member: Failed to add class member : Component T1 thermistor
Add Class Member: Failed to add class member : Component T2 thermistor
Add Class Member: Failed to add class member : Component T3 thermistor
Add Class Member: Failed to add class member : Component T4 thermistor
Add Class Member: Failed to add class member : Component T5 thermistor
Add Class Member: Failed to add class member : Component T6 thermistor
Add Class Member: Failed to add class member : Component T7 thermistor
Add Class Member: Failed to add class member : Component T8 thermistor
Add Class Member: Failed to add class member : Component T9 thermistor
Add Class Member: Failed to add class member : Component T10 thermistor
Add Class Member: Failed to add class member : Component T11 thermistor
Add Class Member: Failed to add class member : Component T12 thermistor
