Change Physical Footprint: Designator=C1 Old Footprint=Cap 0603 New Footprint=Cap 0603
Change Physical Footprint: Designator=C2 Old Footprint=Cap 0603 New Footprint=Cap 0603
Change Physical Footprint: Designator=C3 Old Footprint=Cap 0603 New Footprint=Cap 0603
Change Physical Footprint: Designator=C4 Old Footprint=Cap 0603 New Footprint=Cap 0603
Change Physical Footprint: Designator=C5 Old Footprint=Cap 0603 New Footprint=Cap 0603
Change Physical Footprint: Designator=C6 Old Footprint=Cap 0603 New Footprint=Cap 0603
Change Physical Footprint: Designator=C7 Old Footprint=Cap 0603 New Footprint=Cap 0603
Change Physical Footprint: Designator=C8 Old Footprint=Cap 0603 New Footprint=Cap 0603
Change Physical Footprint: Designator=C9 Old Footprint=Cap 0603 New Footprint=Cap 0603
Change Physical Footprint: Designator=C10 Old Footprint=Cap 0603 New Footprint=Cap 0603
Change Physical Footprint: Designator=C11 Old Footprint=Cap 0603 New Footprint=Cap 0603
Change Physical Footprint: Designator=C12 Old Footprint=Cap 0603 New Footprint=Cap 0603
Change Physical Footprint: Designator=C13 Old Footprint=Cap 0603 New Footprint=Cap 0603
Change Physical Footprint: Designator=C14 Old Footprint=Cap 0603 New Footprint=Cap 0603
Change Physical Footprint: Designator=C15 Old Footprint=Cap 0603 New Footprint=Cap 0603
Change Physical Footprint: Designator=C16 Old Footprint=FP-UWX1C100MCL2GB-MFG New Footprint=FP-UWX1C100MCL2GB-MFG
Change Physical Footprint: Designator=J1 Old Footprint=Kontakt 5P 3.5 New Footprint=Kontakt 5P 3.5
Change Physical Footprint: Designator=J2 Old Footprint=Kontakt 5P 3.5 New Footprint=Kontakt 5P 3.5
Change Physical Footprint: Designator=J3 Old Footprint=Kontakt 5P 3.5 New Footprint=Kontakt 5P 3.5
Change Physical Footprint: Designator=J6 Old Footprint=Kontakt 2P 5.08 New Footprint=Kontakt 2P 5.08
Change Physical Footprint: Designator=JUMP1 Old Footprint=jumper New Footprint=jumper
Change Physical Footprint: Designator=JUMP2 Old Footprint=jumper New Footprint=jumper
Change Physical Footprint: Designator=JUMP3 Old Footprint=jumper New Footprint=jumper
Change Physical Footprint: Designator=Q1 Old Footprint=FP-SOT23-MFG New Footprint=FP-SOT23-MFG
Change Physical Footprint: Designator=Q2 Old Footprint=FP-SOT23-MFG New Footprint=FP-SOT23-MFG
Change Physical Footprint: Designator=Q3 Old Footprint=FP-SOT23-MFG New Footprint=FP-SOT23-MFG
Change Physical Footprint: Designator=Q4 Old Footprint=FP-SOT23-MFG New Footprint=FP-SOT23-MFG
Change Physical Footprint: Designator=Q5 Old Footprint=FP-SOT23-MFG New Footprint=FP-SOT23-MFG
Change Physical Footprint: Designator=Q6 Old Footprint=AO-SOT-23-3L_V New Footprint=AO-SOT-23-3L_V
Change Physical Footprint: Designator=R1 Old Footprint=Res 0603 New Footprint=Res 0603
Change Physical Footprint: Designator=R2 Old Footprint=Res 0603 New Footprint=Res 0603
Change Physical Footprint: Designator=R3 Old Footprint=Res 0603 New Footprint=Res 0603
Change Physical Footprint: Designator=R4 Old Footprint=Res 0603 New Footprint=Res 0603
Change Physical Footprint: Designator=R5 Old Footprint=Res 0603 New Footprint=Res 0603
Change Physical Footprint: Designator=R6 Old Footprint=Res 0603 New Footprint=Res 0603
Change Physical Footprint: Designator=R7 Old Footprint=Res 0603 New Footprint=Res 0603
Change Physical Footprint: Designator=R8 Old Footprint=Res 0603 New Footprint=Res 0603
Change Physical Footprint: Designator=R9 Old Footprint=Res 0603 New Footprint=Res 0603
Change Physical Footprint: Designator=R10 Old Footprint=Res 0603 New Footprint=Res 0603
Change Physical Footprint: Designator=R11 Old Footprint=Res 0603 New Footprint=Res 0603
Change Physical Footprint: Designator=R12 Old Footprint=Res 0603 New Footprint=Res 0603
Change Physical Footprint: Designator=R13 Old Footprint=Res 0603 New Footprint=Res 0603
Change Physical Footprint: Designator=R14 Old Footprint=Res 0603 New Footprint=Res 0603
Change Physical Footprint: Designator=R15 Old Footprint=Res 0603 New Footprint=Res 0603
Change Physical Footprint: Designator=R16 Old Footprint=Res 0603 New Footprint=Res 0603
Change Physical Footprint: Designator=R17 Old Footprint=Res 0603 New Footprint=Res 0603
Change Physical Footprint: Designator=R18 Old Footprint=Res 0603 New Footprint=Res 0603
Change Physical Footprint: Designator=R19 Old Footprint=Res 0603 New Footprint=Res 0603
Change Physical Footprint: Designator=R20 Old Footprint=Res 0603 New Footprint=Res 0603
Change Physical Footprint: Designator=R21 Old Footprint=Res 0603 New Footprint=Res 0603
Change Physical Footprint: Designator=R22 Old Footprint=Res 0603 New Footprint=Res 0603
Change Physical Footprint: Designator=R23 Old Footprint=Res 0603 New Footprint=Res 0603
Change Physical Footprint: Designator=U1 Old Footprint=ESP32 OLIMEX POE New Footprint=ESP32 OLIMEX POE
Change Physical Footprint: Designator=U2 Old Footprint=TSSOP50P490X110-10N ADS1115 New Footprint=TSSOP50P490X110-10N ADS1115
Change Physical Footprint: Designator=U3 Old Footprint=TSSOP50P490X110-10N ADS1115 New Footprint=TSSOP50P490X110-10N ADS1115
Change Physical Footprint: Designator=U4 Old Footprint=TSSOP50P490X110-10N ADS1115 New Footprint=TSSOP50P490X110-10N ADS1115
