Change Physical Footprint: Designator=* Old Footprint=Kontakt 5P 3.5 New Footprint=Kontakt 5P 3.5
Change Physical Footprint: Designator=* Old Footprint=Kontakt 5P 3.5 New Footprint=Kontakt 5P 3.5
Change Physical Footprint: Designator=* Old Footprint=Kontakt 5P 3.5 New Footprint=Kontakt 5P 3.5
Change Physical Footprint: Designator=C1 Old Footprint=FP-CC0603-DA-MFG New Footprint=FP-CC0603-DA-MFG
Change Physical Footprint: Designator=C2 Old Footprint=FP-CL10-IPC_C New Footprint=FP-CL10-IPC_C
Change Physical Footprint: Designator=C3 Old Footprint=FP-CL10-IPC_C New Footprint=FP-CL10-IPC_C
Change Physical Footprint: Designator=C4 Old Footprint=FP-CL10-IPC_C New Footprint=FP-CL10-IPC_C
Change Physical Footprint: Designator=C5 Old Footprint=FP-CL10-IPC_C New Footprint=FP-CL10-IPC_C
Change Physical Footprint: Designator=C6 Old Footprint=FP-CC0603-DA-MFG New Footprint=FP-CC0603-DA-MFG
Change Physical Footprint: Designator=C7 Old Footprint=FP-CL10-IPC_C New Footprint=FP-CL10-IPC_C
Change Physical Footprint: Designator=C8 Old Footprint=FP-CL10-IPC_C New Footprint=FP-CL10-IPC_C
Change Physical Footprint: Designator=C9 Old Footprint=FP-CL10-IPC_C New Footprint=FP-CL10-IPC_C
Change Physical Footprint: Designator=C10 Old Footprint=FP-CL10-IPC_C New Footprint=FP-CL10-IPC_C
Change Physical Footprint: Designator=C11 Old Footprint=FP-CC0603-DA-MFG New Footprint=FP-CC0603-DA-MFG
Change Physical Footprint: Designator=C12 Old Footprint=FP-CL10-IPC_C New Footprint=FP-CL10-IPC_C
Change Physical Footprint: Designator=C13 Old Footprint=FP-CL10-IPC_C New Footprint=FP-CL10-IPC_C
Change Physical Footprint: Designator=C14 Old Footprint=FP-CL10-IPC_C New Footprint=FP-CL10-IPC_C
Change Physical Footprint: Designator=C15 Old Footprint=FP-CL10-IPC_C New Footprint=FP-CL10-IPC_C
Change Physical Footprint: Designator=J6 Old Footprint=Kontakt 2P 5.08 New Footprint=Kontakt 2P 5.08
Change Physical Footprint: Designator=Q1 Old Footprint=FP-SOT23-MFG New Footprint=FP-SOT23-MFG
Change Physical Footprint: Designator=Q2 Old Footprint=FP-SOT23-MFG New Footprint=FP-SOT23-MFG
Change Physical Footprint: Designator=Q3 Old Footprint=FP-SOT23-MFG New Footprint=FP-SOT23-MFG
Change Physical Footprint: Designator=Q4 Old Footprint=FP-SOT23-MFG New Footprint=FP-SOT23-MFG
Change Physical Footprint: Designator=Q5 Old Footprint=FP-SOT23-MFG New Footprint=FP-SOT23-MFG
Change Physical Footprint: Designator=U1 Old Footprint=ESP32 OLIMEX POE New Footprint=ESP32 OLIMEX POE
Change Physical Footprint: Designator=U2 Old Footprint=TSSOP50P490X110-10N ADS1115 New Footprint=TSSOP50P490X110-10N ADS1115
Change Physical Footprint: Designator=U3 Old Footprint=TSSOP50P490X110-10N ADS1115 New Footprint=TSSOP50P490X110-10N ADS1115
Change Physical Footprint: Designator=U4 Old Footprint=TSSOP50P490X110-10N ADS1115 New Footprint=TSSOP50P490X110-10N ADS1115
