Change Component Comment : Designator=C1 Old Comment=C0603 New Comment=0.1uF
Change Component Comment : Designator=C6 Old Comment=C0603 New Comment=0.1uF
Change Component Comment : Designator=C11 Old Comment=C0603 New Comment=0.1uF
Change Component Description : Designator=C2 Old Description=Multilayer Ceramic Capacitor, 10 uF, 25 V, ± 20%, X5R, 0603 [1608 Metric] New Description=
Change Component Description : Designator=C3 Old Description=Multilayer Ceramic Capacitor, 10 uF, 25 V, ± 20%, X5R, 0603 [1608 Metric] New Description=
Change Component Description : Designator=C4 Old Description=Multilayer Ceramic Capacitor, 10 uF, 25 V, ± 20%, X5R, 0603 [1608 Metric] New Description=
Change Component Description : Designator=C5 Old Description=Multilayer Ceramic Capacitor, 10 uF, 25 V, ± 20%, X5R, 0603 [1608 Metric] New Description=
Change Component Description : Designator=C7 Old Description=Multilayer Ceramic Capacitor, 10 uF, 25 V, ± 20%, X5R, 0603 [1608 Metric] New Description=
Change Component Description : Designator=C8 Old Description=Multilayer Ceramic Capacitor, 10 uF, 25 V, ± 20%, X5R, 0603 [1608 Metric] New Description=
Change Component Description : Designator=C9 Old Description=Multilayer Ceramic Capacitor, 10 uF, 25 V, ± 20%, X5R, 0603 [1608 Metric] New Description=
Change Component Description : Designator=C10 Old Description=Multilayer Ceramic Capacitor, 10 uF, 25 V, ± 20%, X5R, 0603 [1608 Metric] New Description=
Change Component Description : Designator=C12 Old Description=Multilayer Ceramic Capacitor, 10 uF, 25 V, ± 20%, X5R, 0603 [1608 Metric] New Description=
Change Component Description : Designator=C13 Old Description=Multilayer Ceramic Capacitor, 10 uF, 25 V, ± 20%, X5R, 0603 [1608 Metric] New Description=
Change Component Description : Designator=C14 Old Description=Multilayer Ceramic Capacitor, 10 uF, 25 V, ± 20%, X5R, 0603 [1608 Metric] New Description=
Change Component Description : Designator=C15 Old Description=Multilayer Ceramic Capacitor, 10 uF, 25 V, ± 20%, X5R, 0603 [1608 Metric] New Description=
Change Component Description : Designator=C1 Old Description=Multilayer Ceramic Capacitor, CC Series, 0.1 - F, - 10%, X7R, 50 V, 0603 [1608 Metric] New Description=
Change Component Description : Designator=C6 Old Description=Multilayer Ceramic Capacitor, CC Series, 0.1 - F, - 10%, X7R, 50 V, 0603 [1608 Metric] New Description=
Change Component Description : Designator=C11 Old Description=Multilayer Ceramic Capacitor, CC Series, 0.1 - F, - 10%, X7R, 50 V, 0603 [1608 Metric] New Description=
Change Component Description : Designator=R1 Old Description=???? 10KO ± 1.00% 0.1W ± 100ppm/? 0603 New Description=
Change Component Description : Designator=R2 Old Description=???? 10KO ± 1.00% 0.1W ± 100ppm/? 0603 New Description=
Change Component Description : Designator=R3 Old Description=???? 10KO ± 1.00% 0.1W ± 100ppm/? 0603 New Description=
Change Component Description : Designator=R4 Old Description=???? 10KO ± 1.00% 0.1W ± 100ppm/? 0603 New Description=
Change Component Description : Designator=R5 Old Description=???? 10KO ± 1.00% 0.1W ± 100ppm/? 0603 New Description=
Change Component Description : Designator=R6 Old Description=???? 10KO ± 1.00% 0.1W ± 100ppm/? 0603 New Description=
Change Component Description : Designator=R7 Old Description=???? 10KO ± 1.00% 0.1W ± 100ppm/? 0603 New Description=
Change Component Description : Designator=R8 Old Description=???? 10KO ± 1.00% 0.1W ± 100ppm/? 0603 New Description=
Change Component Description : Designator=R9 Old Description=???? 10KO ± 1.00% 0.1W ± 100ppm/? 0603 New Description=
Change Component Description : Designator=R10 Old Description=???? 10KO ± 1.00% 0.1W ± 100ppm/? 0603 New Description=
Change Component Description : Designator=R11 Old Description=???? 10KO ± 1.00% 0.1W ± 100ppm/? 0603 New Description=
Change Component Description : Designator=R12 Old Description=???? 10KO ± 1.00% 0.1W ± 100ppm/? 0603 New Description=
Change Component Description : Designator=R13 Old Description=???? 10KO ± 1.00% 0.1W ± 100ppm/? 0603 New Description=
Change Component Description : Designator=R14 Old Description=???? 10KO ± 1.00% 0.1W ± 100ppm/? 0603 New Description=
Change Component Description : Designator=R15 Old Description=???? 10KO ± 1.00% 0.1W ± 100ppm/? 0603 New Description=
Change Component Description : Designator=R16 Old Description=???? 10KO ± 1.00% 0.1W ± 100ppm/? 0603 New Description=
Change Component Description : Designator=R17 Old Description=???? 10KO ± 1.00% 0.1W ± 100ppm/? 0603 New Description=
Change Component Description : Designator=R18 Old Description=???? 10KO ± 1.00% 0.1W ± 100ppm/? 0603 New Description=
Change Component Description : Designator=R19 Old Description=???? 10KO ± 1.00% 0.1W ± 100ppm/? 0603 New Description=
Change Component Description : Designator=R20 Old Description=???? 10KO ± 1.00% 0.1W ± 100ppm/? 0603 New Description=
Change Component Description : Designator=R21 Old Description=???? 10KO ± 1.00% 0.1W ± 100ppm/? 0603 New Description=
Change Component Description : Designator=R22 Old Description=???? 10KO ± 1.00% 0.1W ± 100ppm/? 0603 New Description=
Change component parameters: Designator = "C1" ("C1"); Footprint = "Cap 0603"; UniqueID = "\XEKLHXUS" ("\XEKLHXUS")
Change component parameters: Designator = "C2" ("C2"); Footprint = "Cap 0603"; UniqueID = "\SGYKLQJB" ("\SGYKLQJB")
Change component parameters: Designator = "C3" ("C3"); Footprint = "Cap 0603"; UniqueID = "\TOFKGOVN" ("\TOFKGOVN")
Change component parameters: Designator = "C4" ("C4"); Footprint = "Cap 0603"; UniqueID = "\DMNCQPKR" ("\DMNCQPKR")
Change component parameters: Designator = "C5" ("C5"); Footprint = "Cap 0603"; UniqueID = "\NPGWMDFS" ("\NPGWMDFS")
Change component parameters: Designator = "C6" ("C6"); Footprint = "Cap 0603"; UniqueID = "\VUWLKEKD" ("\VUWLKEKD")
Change component parameters: Designator = "C7" ("C7"); Footprint = "Cap 0603"; UniqueID = "\BVOGDGDI" ("\BVOGDGDI")
Change component parameters: Designator = "C8" ("C8"); Footprint = "Cap 0603"; UniqueID = "\ZJBBYOPE" ("\ZJBBYOPE")
Change component parameters: Designator = "C9" ("C9"); Footprint = "Cap 0603"; UniqueID = "\KBHYOAEP" ("\KBHYOAEP")
Change component parameters: Designator = "C10" ("C10"); Footprint = "Cap 0603"; UniqueID = "\GIWIKUMT" ("\GIWIKUMT")
Change component parameters: Designator = "C11" ("C11"); Footprint = "Cap 0603"; UniqueID = "\TFMRYXXK" ("\TFMRYXXK")
Change component parameters: Designator = "C12" ("C12"); Footprint = "Cap 0603"; UniqueID = "\OIZFWYDZ" ("\OIZFWYDZ")
Change component parameters: Designator = "C13" ("C13"); Footprint = "Cap 0603"; UniqueID = "\UIWHCRBN" ("\UIWHCRBN")
Change component parameters: Designator = "C14" ("C14"); Footprint = "Cap 0603"; UniqueID = "\SCHSYDWQ" ("\SCHSYDWQ")
Change component parameters: Designator = "C15" ("C15"); Footprint = "Cap 0603"; UniqueID = "\FYRZKQQK" ("\FYRZKQQK")
Change component parameters: Designator = "R1" ("R1"); Footprint = "Res 0603"; UniqueID = "\LIKXQZAA" ("\LIKXQZAA")
Change component parameters: Designator = "R2" ("R2"); Footprint = "Res 0603"; UniqueID = "\RXZGVIBD" ("\RXZGVIBD")
Change component parameters: Designator = "R3" ("R3"); Footprint = "Res 0603"; UniqueID = "\BIAFZPLB" ("\BIAFZPLB")
Change component parameters: Designator = "R4" ("R4"); Footprint = "Res 0603"; UniqueID = "\MDAGPWQO" ("\MDAGPWQO")
Change component parameters: Designator = "R5" ("R5"); Footprint = "Res 0603"; UniqueID = "\EKSSZEMP" ("\EKSSZEMP")
Change component parameters: Designator = "R6" ("R6"); Footprint = "Res 0603"; UniqueID = "\AHDLEJAO" ("\AHDLEJAO")
Change component parameters: Designator = "R7" ("R7"); Footprint = "Res 0603"; UniqueID = "\UUNHPHUO" ("\UUNHPHUO")
Change component parameters: Designator = "R8" ("R8"); Footprint = "Res 0603"; UniqueID = "\DKFWDOSQ" ("\DKFWDOSQ")
Change component parameters: Designator = "R9" ("R9"); Footprint = "Res 0603"; UniqueID = "\ASKIVTRC" ("\ASKIVTRC")
Change component parameters: Designator = "R10" ("R10"); Footprint = "Res 0603"; UniqueID = "\QOMDSJHI" ("\QOMDSJHI")
Change component parameters: Designator = "R11" ("R11"); Footprint = "Res 0603"; UniqueID = "\OLHCYUSR" ("\OLHCYUSR")
Change component parameters: Designator = "R12" ("R12"); Footprint = "Res 0603"; UniqueID = "\SEDDZAHV" ("\SEDDZAHV")
Change component parameters: Designator = "R13" ("R13"); Footprint = "Res 0603"; UniqueID = "\CIFEWZZX" ("\CIFEWZZX")
Change component parameters: Designator = "R14" ("R14"); Footprint = "Res 0603"; UniqueID = "\MRRQSTQX" ("\MRRQSTQX")
Change component parameters: Designator = "R15" ("R15"); Footprint = "Res 0603"; UniqueID = "\ZKSQNJXI" ("\ZKSQNJXI")
Change component parameters: Designator = "R16" ("R16"); Footprint = "Res 0603"; UniqueID = "\BLWDKYGV" ("\BLWDKYGV")
Change component parameters: Designator = "R17" ("R17"); Footprint = "Res 0603"; UniqueID = "\ZGJNITBM" ("\ZGJNITBM")
Change component parameters: Designator = "R18" ("R18"); Footprint = "Res 0603"; UniqueID = "\EBQNPEYD" ("\EBQNPEYD")
Change component parameters: Designator = "R19" ("R19"); Footprint = "Res 0603"; UniqueID = "\VPDRHNGR" ("\VPDRHNGR")
Change component parameters: Designator = "R20" ("R20"); Footprint = "Res 0603"; UniqueID = "\TWYJAERS" ("\TWYJAERS")
Change component parameters: Designator = "R21" ("R21"); Footprint = "Res 0603"; UniqueID = "\IQTEEXPV" ("\IQTEEXPV")
Change component parameters: Designator = "R22" ("R22"); Footprint = "Res 0603"; UniqueID = "\SYUIVCEA" ("\SYUIVCEA")
Added Component: Designator=C?(FP-UWX1C100MCL2GB-MFG)
Add component (AddParameter): Name = "Capacitance"; Value = "10µF"; VariantName = "[No Variations]"
Add component (AddParameter): Name = "Case/Package"; Value = "SMD/SMT"; VariantName = "[No Variations]"
Add component (AddParameter): Name = "Diameter"; Value = "3mm"; VariantName = "[No Variations]"
Add component (AddParameter): Name = "Dielectric Material"; Value = "Aluminium"; VariantName = "[No Variations]"
Add component (AddParameter): Name = "Dissipation Factor"; Value = "19%"; VariantName = "[No Variations]"
Add component (AddParameter): Name = "Features"; Value = "General Purpose"; VariantName = "[No Variations]"
Add component (AddParameter): Name = "Height"; Value = "5.4mm"; VariantName = "[No Variations]"
Add component (AddParameter): Name = "Height - Seated (Max)"; Value = "2.9972mm"; VariantName = "[No Variations]"
Add component (AddParameter): Name = "Lead Diameter"; Value = "800µm"; VariantName = "[No Variations]"
Add component (AddParameter): Name = "Lead Free"; Value = "Lead Free"; VariantName = "[No Variations]"
Add component (AddParameter): Name = "Lead Pitch"; Value = "800µm"; VariantName = "[No Variations]"
Add component (AddParameter): Name = "Leakage Current"; Value = "3µA"; VariantName = "[No Variations]"
Add component (AddParameter): Name = "Length"; Value = "5.4mm"; VariantName = "[No Variations]"
Add component (AddParameter): Name = "Life (Hours)"; Value = "2000hours"; VariantName = "[No Variations]"
Add component (AddParameter): Name = "Max Operating Temperature"; Value = "85°C"; VariantName = "[No Variations]"
Add component (AddParameter): Name = "Min Operating Temperature"; Value = "-40°C"; VariantName = "[No Variations]"
Add component (AddParameter): Name = "Mount"; Value = "Surface Mount"; VariantName = "[No Variations]"
Add component (AddParameter): Name = "NexarPartId"; Value = "203106"; VariantName = "[No Variations]"
Add component (AddParameter): Name = "Number of Pins"; Value = "2"; VariantName = "[No Variations]"
Add component (AddParameter): Name = "Packaging"; Value = "Cut Tape"; VariantName = "[No Variations]"
Add component (AddParameter): Name = "Radiation Hardening"; Value = "No"; VariantName = "[No Variations]"
Add component (AddParameter): Name = "REACH SVHC"; Value = "No SVHC"; VariantName = "[No Variations]"
Add component (AddParameter): Name = "Ripple Current"; Value = "18mA"; VariantName = "[No Variations]"
Add component (AddParameter): Name = "Ripple Current (AC)"; Value = "18mA"; VariantName = "[No Variations]"
Add component (AddParameter): Name = "RoHS"; Value = "Compliant"; VariantName = "[No Variations]"
Add component (AddParameter): Name = "Schedule B"; Value = "8532220020, 8532220020"; VariantName = "[No Variations]"
Add component (AddParameter): Name = "Termination"; Value = "SMD/SMT"; VariantName = "[No Variations]"
Add component (AddParameter): Name = "Tolerance"; Value = "20%"; VariantName = "[No Variations]"
Add component (AddParameter): Name = "Voltage"; Value = "16V"; VariantName = "[No Variations]"
Add component (AddParameter): Name = "Voltage Rating"; Value = "16V"; VariantName = "[No Variations]"
Add component (AddParameter): Name = "Voltage Rating (AC)"; Value = "16V"; VariantName = "[No Variations]"
Add component (AddParameter): Name = "Voltage Rating (DC)"; Value = "16V"; VariantName = "[No Variations]"
Add component (AddParameter): Name = "Width"; Value = "3.3mm"; VariantName = "[No Variations]"
Added Pin To Net: NetName=GND Pin=C?-1
Added Pin To Net: NetName=+5 Pin=C?-2
Added Member To Class: ClassName=Main sheet Member=Component C? UWX1C100MCL2GB
